<?xml version="1.0" encoding="utf-8"?><testsuites name="pytest tests"><testsuite name="pytest" errors="0" failures="0" skipped="0" tests="108" time="25.617" timestamp="2026-09-15T21:10:43.542425+08:00" hostname="Shri-Laptop"><testcase classname="tests.test_algorithms" name="test_navigation_actor_starts_at_zero_control_for_all_observations" time="4.134" /><testcase classname="tests.test_compare" name="test_bootstrap_preserves_correlated_aircraft_within_each_scenario" time="0.023" /><testcase classname="tests.test_compare" name="test_mismatched_scenarios_cannot_be_compared_as_pairs" time="0.002" /><testcase classname="tests.test_conflicts" name="test_head_on_prediction_matches_analytic_entry_and_closest_approach" time="0.003" /><testcase classname="tests.test_conflicts" name="test_diverging_stationary_and_absent_traffic_are_distinct_and_finite" time="0.003" /><testcase classname="tests.test_conflicts" name="test_predictions_are_rotation_invariant_and_use_only_the_finite_horizon" time="0.006" /><testcase classname="tests.test_control" name="test_goal_relative_control_wraps_headings_and_respects_turn_limit[350-10-0.4444444444444444]" time="0.009" /><testcase classname="tests.test_control" name="test_goal_relative_control_wraps_headings_and_respects_turn_limit[10-350--0.4444444444444444]" time="0.005" /><testcase classname="tests.test_control" name="test_goal_relative_control_wraps_headings_and_respects_turn_limit[180-180-0]" time="0.005" /><testcase classname="tests.test_control" name="test_goal_relative_control_wraps_headings_and_respects_turn_limit[0-100-1]" time="0.003" /><testcase classname="tests.test_control" name="test_goal_relative_control_wraps_headings_and_respects_turn_limit[180-80--1]" time="0.003" /><testcase classname="tests.test_control" name="test_learned_offset_can_choose_either_side_of_goal" time="0.460" /><testcase classname="tests.test_critic_warmup" name="test_actor_held_while_critics_and_temperature_learn_then_released" time="0.062" /><testcase classname="tests.test_critic_warmup" name="test_warmup_boundary_and_resume_keep_remaining_update_count" time="0.384" /><testcase classname="tests.test_critic_warmup" name="test_legacy_checkpoint_defaults_to_no_actor_hold" time="0.141" /><testcase classname="tests.test_critic_warmup" name="test_invalid_warmup_rejected[-1]" time="0.013" /><testcase classname="tests.test_critic_warmup" name="test_invalid_warmup_rejected[1.5]" time="0.007" /><testcase classname="tests.test_decision_interval" name="test_invalid_decision_interval_rejected[0]" time="0.003" /><testcase classname="tests.test_decision_interval" name="test_invalid_decision_interval_rejected[-1]" time="0.002" /><testcase classname="tests.test_decision_interval" name="test_invalid_decision_interval_rejected[1.5]" time="0.003" /><testcase classname="tests.test_decision_interval" name="test_invalid_decision_interval_rejected[True]" time="0.003" /><testcase classname="tests.test_decision_interval" name="test_interval_and_speed_are_independent_constructor_settings" time="0.003" /><testcase classname="tests.test_decision_interval" name="test_interval_checkpoint_requires_matching_saved_rate" time="0.003" /><testcase classname="tests.test_deployment" name="test_deployment_rejects_ambiguous_or_unsupported_metadata[format-old-format]" time="0.003" /><testcase classname="tests.test_deployment" name="test_deployment_rejects_ambiguous_or_unsupported_metadata[heading_transport-None-transport]" time="0.003" /><testcase classname="tests.test_deployment" name="test_deployment_rejects_ambiguous_or_unsupported_metadata[heading_transport-value2-transport]" time="0.003" /><testcase classname="tests.test_deployment" name="test_deployment_rejects_ambiguous_or_unsupported_metadata[heading_transport-value3-transport]" time="0.004" /><testcase classname="tests.test_deployment" name="test_deployment_rejects_ambiguous_or_unsupported_metadata[heading_transport-value4-transport]" time="0.003" /><testcase classname="tests.test_deployment" name="test_deployment_rejects_ambiguous_or_unsupported_metadata[model_sha256-not-a-hash-hash]" time="0.004" /><testcase classname="tests.test_deployment" name="test_deployment_rejects_ambiguous_or_unsupported_metadata[expected_geography_backend-automatic-backend]" time="0.003" /><testcase classname="tests.test_deployment" name="test_deployment_rejects_wrong_track" time="0.003" /><testcase classname="tests.test_deployment" name="test_changed_model_is_rejected_before_loading" time="0.032" /><testcase classname="tests.test_deployment" name="test_legacy_loader_cannot_silently_ignore_new_transport_manifest" time="0.010" /><testcase classname="tests.test_deployment" name="test_environment_requires_loaded_model_and_fixed_agent_count" time="0.003" /><testcase classname="tests.test_deployment" name="test_official_entry_rejects_a_changed_seed" time="0.010" /><testcase classname="tests.test_extension" name="test_added_features_preserve_initial_actor_critics_and_checkpoint_loading" time="0.242" /><testcase classname="tests.test_extension" name="test_control_projection_stays_frozen_after_save_and_load" time="0.144" /><testcase classname="tests.test_heading_transport" name="test_actual_rejected_heading_roundtrips_through_simulator_parser" time="10.633" /><testcase classname="tests.test_heading_transport" name="test_boundary_and_random_headings_preserve_exact_numeric_commands" time="0.035" /><testcase classname="tests.test_heading_transport" name="test_invalid_headings_are_rejected_before_queuing[nan]" time="0.005" /><testcase classname="tests.test_heading_transport" name="test_invalid_headings_are_rejected_before_queuing[inf]" time="0.004" /><testcase classname="tests.test_heading_transport" name="test_invalid_headings_are_rejected_before_queuing[-inf]" time="0.003" /><testcase classname="tests.test_heading_transport" name="test_transport_preserves_original_continuous_and_discrete_targets[None-actions0]" time="0.161" /><testcase classname="tests.test_heading_transport" name="test_transport_preserves_original_continuous_and_discrete_targets[3-actions1]" time="0.179" /><testcase classname="tests.test_metrics" name="test_aircraft_completion_does_not_imply_clean_team_completion" time="0.004" /><testcase classname="tests.test_metrics" name="test_missing_and_duplicate_aircraft_are_rejected" time="0.003" /><testcase classname="tests.test_metrics" name="test_nonfinite_results_are_rejected" time="0.002" /><testcase classname="tests.test_projection" name="test_safe_nominal_command_is_preserved_exactly" time="0.003" /><testcase classname="tests.test_projection" name="test_projected_command_respects_turn_limit_and_clears_a_wall" time="0.005" /><testcase classname="tests.test_projection" name="test_infeasible_recovery_is_explicit_and_finite" time="0.006" /><testcase classname="tests.test_projection" name="test_goal_tracker_uses_field_order_and_preserves_single_and_batch_shapes" time="0.002" /><testcase classname="tests.test_projection" name="test_prediction_ends_at_goal_capture_before_a_later_boundary_crossing" time="0.003" /><testcase classname="tests.test_projection" name="test_goal_tangency_and_departure_from_boundary_do_not_end_a_prediction" time="0.005" /><testcase classname="tests.test_projection" name="test_goal_tracker_constant_speed_keeps_heading_and_batch_layout" time="0.003" /><testcase classname="tests.test_replay" name="test_arrival_ends_return_immediately_and_padding_never_enters_replay" time="0.008" /><testcase classname="tests.test_replay" name="test_replay_ring_wrap_keeps_only_recent_live_transitions" time="0.003" /><testcase classname="tests.test_residual" name="test_zero_residual_exactly_matches_classical_reference[float32-False]" time="0.259" /><testcase classname="tests.test_residual" name="test_zero_residual_exactly_matches_classical_reference[float32-True]" time="0.216" /><testcase classname="tests.test_residual" name="test_zero_residual_exactly_matches_classical_reference[float64-False]" time="0.235" /><testcase classname="tests.test_residual" name="test_zero_residual_exactly_matches_classical_reference[float64-True]" time="0.268" /><testcase classname="tests.test_residual" name="test_residual_is_bounded_and_keeps_original_command_limits" time="0.417" /><testcase classname="tests.test_residual" name="test_residual_dispatch_uses_the_last_observation_and_records_adjustment" time="0.004" /><testcase classname="tests.test_residual" name="test_reset_clears_cached_reference_and_statistics" time="0.002" /><testcase classname="tests.test_residual" name="test_checkpoint_requires_matching_residual_mapping" time="0.002" /><testcase classname="tests.test_residual" name="test_navigation_initialization_predicts_exact_zero_adjustment" time="0.018" /><testcase classname="tests.test_residual" name="test_fast_reference_keeps_braking_authority_and_heading_limits" time="0.248" /><testcase classname="tests.test_residual" name="test_fast_mapping_metadata_rejects_legacy_and_missing_reference" time="0.004" /><testcase classname="tests.test_residual" name="test_fast_dispatch_counts_adjustments_from_fast_reference" time="0.003" /><testcase classname="tests.test_route_choice" name="test_clearance_preference_does_not_force_a_long_obstacle_detour" time="0.019" /><testcase classname="tests.test_route_choice" name="test_wider_clearance_is_retained_for_a_modest_detour" time="0.018" /><testcase classname="tests.test_route_choice" name="test_lower_clearance_is_used_only_when_preferred_paths_are_unavailable" time="0.025" /><testcase classname="tests.test_route_choice" name="test_disconnected_airspace_has_no_geometric_route" time="0.025" /><testcase classname="tests.test_route_choice" name="test_route_choice_residual_keeps_zero_reference_dispatch_and_resets" time="0.004" /><testcase classname="tests.test_route_choice" name="test_route_choice_checkpoint_rejects_stale_selection_settings" time="0.003" /><testcase classname="tests.test_route_input" name="test_route_input_changes_only_bearing_and_keeps_original_goal_distance" time="0.002" /><testcase classname="tests.test_route_input" name="test_action_dispatch_preserves_direct_command_and_original_space" time="0.004" /><testcase classname="tests.test_route_input" name="test_reset_discards_route_replan_state" time="0.003" /><testcase classname="tests.test_route_input" name="test_off_route_deviation_replans_from_current_position" time="0.006" /><testcase classname="tests.test_route_input" name="test_unreachable_route_reports_failure_once_per_decision" time="0.027" /><testcase classname="tests.test_route_input" name="test_checkpoint_rejects_changed_route_input_definition" time="0.002" /><testcase classname="tests.test_routes" name="test_visibility_route_stays_inside_sector_and_avoids_buffered_obstacle" time="0.008" /><testcase classname="tests.test_routes" name="test_clear_path_is_direct_and_disconnected_path_is_rejected" time="0.011" /><testcase classname="tests.test_routes" name="test_sector_inset_keeps_planned_path_away_from_sector_edge" time="0.007" /><testcase classname="tests.test_routes" name="test_evasive_deviation_does_not_reacquire_a_passed_waypoint" time="0.007" /><testcase classname="tests.test_speed_mapping" name="test_larger_braking_command_prevents_overtake_in_a_narrow_corridor" time="0.017" /><testcase classname="tests.test_speed_mapping" name="test_speed_command_uses_knots_and_leaves_aircraft_dynamics_to_simulator" time="0.004" /><testcase classname="tests.test_speed_mapping" name="test_speed_mapping_checkpoint_must_preserve_the_command_increment" time="0.003" /><testcase classname="tests.test_speed_mapping" name="test_invalid_speed_increment_is_rejected[0]" time="0.003" /><testcase classname="tests.test_speed_mapping" name="test_invalid_speed_increment_is_rejected[-1]" time="0.003" /><testcase classname="tests.test_speed_mapping" name="test_invalid_speed_increment_is_rejected[nan]" time="0.003" /><testcase classname="tests.test_speed_mapping" name="test_invalid_speed_increment_is_rejected[inf]" time="0.003" /><testcase classname="tests.test_static_filter" name="test_projected_turns_respect_heading_wrap_and_speed_units" time="0.003" /><testcase classname="tests.test_static_filter" name="test_static_filter_preserves_clear_action_and_rejects_obstacle_turn" time="0.007" /><testcase classname="tests.test_static_filter" name="test_no_feasible_prediction_returns_navigation_reference" time="0.004" /><testcase classname="tests.test_submission" name="test_original_harness_changes_are_limited_to_the_two_allowed_hooks" time="0.163" /><testcase classname="tests.test_submission" name="test_submission_rejects_wrong_track_and_stale_route_mapping" time="0.003" /><testcase classname="tests.test_submission" name="test_direct_projection_configuration_requires_the_verified_parameters" time="0.003" /><testcase classname="tests.test_traffic_projection" name="test_joint_filter_preserves_clear_nominal_action_exactly" time="0.004" /><testcase classname="tests.test_traffic_projection" name="test_segment_crossing_is_detected_between_safe_sample_endpoints" time="0.002" /><testcase classname="tests.test_traffic_projection" name="test_goal_capture_uses_strict_entry_and_handles_tangency" time="0.003" /><testcase classname="tests.test_traffic_projection" name="test_head_on_conflict_uses_a_feasible_turn_and_respects_a_wall" time="0.015" /><testcase classname="tests.test_traffic_projection" name="test_preexisting_conflict_chooses_escape_and_reports_infeasibility" time="0.019" /><testcase classname="tests.test_traffic_projection" name="test_speed_change_provides_recovery_in_a_narrow_corridor" time="0.009" /><testcase classname="tests.test_traffic_projection" name="test_empty_domain_is_finite_and_explicitly_infeasible" time="0.012" /><testcase classname="tests.test_traffic_projection" name="test_submission_requires_matching_joint_prediction_configuration" time="0.002" /><testcase classname="tests.test_transfer" name="test_transfer_verification_detects_changed_source_and_base_revision" time="0.080" /><testcase classname="tests.test_vector" name="test_model_seed_reaches_simulator_once_then_rng_stream_continues" time="0.005" /><testcase classname="tests.test_vector" name="test_mixed_goal_and_timeout_reset_without_an_extra_empty_step" time="0.005" /></testsuite></testsuites>